Build started 2021/4/28 20:23:20.
     1>Project "D:\machao\vs_opencv\vs_project\4\4\4\4.vcxproj" on node 2 (Build target(s)).
     1>ClCompile:
         D:\Program Files (x86)\Microsoft Visual Studio 12.0\VC\bin\CL.exe /c /ZI /nologo /W3 /WX- /sdl /Od /Oy- /D WIN32 /D _DEBUG /D _CONSOLE /D _LIB /D _CRT_SECURE_NO_WARNINGS /D _UNICODE /D UNICODE /Gm /EHsc /RTC1 /MDd /GS /fp:precise /Zc:wchar_t /Zc:forScope /Fo"Debug\\" /Fd"Debug\vc120.pdb" /Gd /TC /analyze- /errorReport:prompt src\frequency\frequency.c src\randomExcursionsVariant\randomExcursionsVariant.c
         randomExcursionsVariant.c
         frequency.c
         Generating Code...
       Link:
         D:\Program Files (x86)\Microsoft Visual Studio 12.0\VC\bin\link.exe /ERRORREPORT:PROMPT /OUT:"D:\machao\vs_opencv\vs_project\4\4\Debug\4.exe" /INCREMENTAL /NOLOGO opencv_ml249d.lib opencv_calib3d249d.lib opencv_contrib249d.lib opencv_core249d.lib opencv_features2d249d.lib opencv_flann249d.lib opencv_gpu249d.lib opencv_highgui249d.lib opencv_imgproc249d.lib opencv_legacy249d.lib opencv_objdetect249d.lib opencv_ts249d.lib opencv_video249d.lib opencv_nonfree249d.lib opencv_ocl249d.lib opencv_photo249d.lib opencv_stitching249d.lib opencv_superres249d.lib opencv_videostab249d.lib opencv_objdetect249.lib opencv_ts249.lib opencv_video249.lib opencv_nonfree249.lib opencv_ocl249.lib opencv_photo249.lib opencv_stitching249.lib opencv_superres249.lib opencv_videostab249.lib opencv_calib3d249.lib opencv_contrib249.lib opencv_core249.lib opencv_features2d249.lib opencv_flann249.lib opencv_gpu249.lib opencv_highgui249.lib opencv_imgproc249.lib opencv_legacy249.lib opencv_ml249.lib kernel32.lib user32.lib gdi32.lib winspool.lib comdlg32.lib advapi32.lib shell32.lib ole32.lib oleaut32.lib uuid.lib odbc32.lib odbccp32.lib /MANIFEST /MANIFESTUAC:"level='asInvoker' uiAccess='false'" /manifest:embed /DEBUG /PDB:"D:\machao\vs_opencv\vs_project\4\4\Debug\4.pdb" /SUBSYSTEM:CONSOLE /TLBID:1 /DYNAMICBASE /NXCOMPAT /IMPLIB:"D:\machao\vs_opencv\vs_project\4\4\Debug\4.lib" /MACHINE:X86 Debug\approximateEntropy.obj
         Debug\blockFrequency.obj
         Debug\cJSON.obj
         Debug\cumulativeSums.obj
         Debug\c_file_operation.obj
         Debug\discreteFourierTransform.obj
         Debug\frequency.obj
         Debug\linearComplexity.obj
         Debug\longestRunOfOnes.obj
         Debug\main.obj
         Debug\cephes.obj
         Debug\dfft.obj
         Debug\matrix.obj
         Debug\nonOverlappingTemplateMatchings.obj
         Debug\overlappingTemplateMatchings.obj
         Debug\randomExcursionsVariant.obj
         Debug\randomExcursions.obj
         Debug\rank.obj
         Debug\rnd_test.obj
         Debug\runs.obj
         Debug\serial.obj
         Debug\universal.obj
         4.vcxproj -> D:\machao\vs_opencv\vs_project\4\4\Debug\4.exe
     1>Done Building Project "D:\machao\vs_opencv\vs_project\4\4\4\4.vcxproj" (Build target(s)).

Build succeeded.

Time Elapsed 00:00:00.52
